# JRE version: OpenJDK Runtime Environment (11.0.10) (build 11.0.10+0-b96-7249189)
# Java VM: OpenJDK 64-Bit Server VM (11.0.10+0-b96-7249189, mixed mode, tiered, compressed oops, g1 gc, windows-amd64)
Heap:
 garbage-first heap   total 260096K, used 168674K [0x0000000080000000, 0x0000000100000000)
  region size 1024K, 98 young (100352K), 12 survivors (12288K)
 Metaspace       used 95383K, capacity 98430K, committed 98812K, reserved 1134592K
  class space    used 12393K, capacity 13569K, committed 13696K, reserved 1048576K
GC Heap History (20 events):
Event: 1.370 GC heap before
{Heap before GC invocations=3 (full 0):
 garbage-first heap   total 260096K, used 48309K [0x0000000080000000, 0x0000000100000000)
  region size 1024K, 42 young (43008K), 11 survivors (11264K)
 Metaspace       used 23619K, capacity 24283K, committed 24496K, reserved 1071104K
  class space    used 2994K, capacity 3224K, committed 3328K, reserved 1048576K
}
Event: 1.374 GC heap after
{Heap after GC invocations=4 (full 0):
 garbage-first heap   total 260096K, used 17243K [0x0000000080000000, 0x0000000100000000)
  region size 1024K, 2 young (2048K), 2 survivors (2048K)
 Metaspace       used 23619K, capacity 24283K, committed 24496K, reserved 1071104K
  class space    used 2994K, capacity 3224K, committed 3328K, reserved 1048576K
}
Event: 2.015 GC heap before
{Heap before GC invocations=4 (full 0):
 garbage-first heap   total 260096K, used 97115K [0x0000000080000000, 0x0000000100000000)
  region size 1024K, 81 young (82944K), 2 survivors (2048K)
 Metaspace       used 34857K, capacity 35606K, committed 35708K, reserved 1081344K
  class space    used 4525K, capacity 4832K, committed 4864K, reserved 1048576K
}
Event: 2.021 GC heap after
{Heap after GC invocations=5 (full 0):
 garbage-first heap   total 260096K, used 21477K [0x0000000080000000, 0x0000000100000000)
  region size 1024K, 6 young (6144K), 6 survivors (6144K)
 Metaspace       used 34857K, capacity 35606K, committed 35708K, reserved 1081344K
  class space    used 4525K, capacity 4832K, committed 4864K, reserved 1048576K
}
Event: 2.843 GC heap before
{Heap before GC invocations=6 (full 0):
 garbage-first heap   total 260096K, used 148453K [0x0000000080000000, 0x0000000100000000)
  region size 1024K, 127 young (130048K), 6 survivors (6144K)
 Metaspace       used 44448K, capacity 45509K, committed 45692K, reserved 1089536K
  class space    used 5681K, capacity 6071K, committed 6144K, reserved 1048576K
}
Event: 2.849 GC heap after
{Heap after GC invocations=7 (full 0):
 garbage-first heap   total 260096K, used 28729K [0x0000000080000000, 0x0000000100000000)
  region size 1024K, 13 young (13312K), 13 survivors (13312K)
 Metaspace       used 44448K, capacity 45509K, committed 45692K, reserved 1089536K
  class space    used 5681K, capacity 6071K, committed 6144K, reserved 1048576K
}
Event: 3.849 GC heap before
{Heap before GC invocations=7 (full 0):
 garbage-first heap   total 260096K, used 177209K [0x0000000080000000, 0x0000000100000000)
  region size 1024K, 152 young (155648K), 13 survivors (13312K)
 Metaspace       used 57406K, capacity 58997K, committed 59260K, reserved 1101824K
  class space    used 7208K, capacity 7814K, committed 7936K, reserved 1048576K
}
Event: 3.857 GC heap after
{Heap after GC invocations=8 (full 0):
 garbage-first heap   total 260096K, used 49337K [0x0000000080000000, 0x0000000100000000)
  region size 1024K, 19 young (19456K), 19 survivors (19456K)
 Metaspace       used 57406K, capacity 58997K, committed 59260K, reserved 1101824K
  class space    used 7208K, capacity 7814K, committed 7936K, reserved 1048576K
}
Event: 3.919 GC heap before
{Heap before GC invocations=8 (full 0):
 garbage-first heap   total 260096K, used 56505K [0x0000000080000000, 0x0000000100000000)
  region size 1024K, 27 young (27648K), 19 survivors (19456K)
 Metaspace       used 58282K, capacity 59862K, committed 59940K, reserved 1101824K
  class space    used 7341K, capacity 7927K, committed 7936K, reserved 1048576K
}
Event: 3.934 GC heap after
{Heap after GC invocations=9 (full 0):
 garbage-first heap   total 260096K, used 51352K [0x0000000080000000, 0x0000000100000000)
  region size 1024K, 3 young (3072K), 3 survivors (3072K)
 Metaspace       used 58282K, capacity 59862K, committed 59940K, reserved 1101824K
  class space    used 7341K, capacity 7927K, committed 7936K, reserved 1048576K
}
Event: 4.512 GC heap before
{Heap before GC invocations=10 (full 0):
 garbage-first heap   total 260096K, used 136344K [0x0000000080000000, 0x0000000100000000)
  region size 1024K, 86 young (88064K), 3 survivors (3072K)
 Metaspace       used 66861K, capacity 68603K, committed 68860K, reserved 1110016K
  class space    used 8405K, capacity 9055K, committed 9088K, reserved 1048576K
}
Event: 4.517 GC heap after
{Heap after GC invocations=11 (full 0):
 garbage-first heap   total 260096K, used 55948K [0x0000000080000000, 0x0000000100000000)
  region size 1024K, 7 young (7168K), 7 survivors (7168K)
 Metaspace       used 66861K, capacity 68603K, committed 68860K, reserved 1110016K
  class space    used 8405K, capacity 9055K, committed 9088K, reserved 1048576K
}
Event: 5.324 GC heap before
{Heap before GC invocations=12 (full 0):
 garbage-first heap   total 260096K, used 148108K [0x0000000080000000, 0x0000000100000000)
  region size 1024K, 97 young (99328K), 7 survivors (7168K)
 Metaspace       used 74272K, capacity 76015K, committed 76156K, reserved 1116160K
  class space    used 9508K, capacity 10192K, committed 10240K, reserved 1048576K
}
Event: 5.329 GC heap after
{Heap after GC invocations=13 (full 0):
 garbage-first heap   total 260096K, used 62681K [0x0000000080000000, 0x0000000100000000)
  region size 1024K, 13 young (13312K), 13 survivors (13312K)
 Metaspace       used 74272K, capacity 76015K, committed 76156K, reserved 1116160K
  class space    used 9508K, capacity 10192K, committed 10240K, reserved 1048576K
}
Event: 6.183 GC heap before
{Heap before GC invocations=13 (full 0):
 garbage-first heap   total 260096K, used 157913K [0x0000000080000000, 0x0000000100000000)
  region size 1024K, 107 young (109568K), 13 survivors (13312K)
 Metaspace       used 83733K, capacity 85696K, committed 85884K, reserved 1124352K
  class space    used 10716K, capacity 11491K, committed 11520K, reserved 1048576K
}
Event: 6.192 GC heap after
{Heap after GC invocations=14 (full 0):
 garbage-first heap   total 260096K, used 70540K [0x0000000080000000, 0x0000000100000000)
  region size 1024K, 14 young (14336K), 14 survivors (14336K)
 Metaspace       used 83733K, capacity 85696K, committed 85884K, reserved 1124352K
  class space    used 10716K, capacity 11491K, committed 11520K, reserved 1048576K
}
Event: 6.545 GC heap before
{Heap before GC invocations=14 (full 0):
 garbage-first heap   total 260096K, used 167820K [0x0000000080000000, 0x0000000100000000)
  region size 1024K, 110 young (112640K), 14 survivors (14336K)
 Metaspace       used 86263K, capacity 89027K, committed 89212K, reserved 1126400K
  class space    used 11202K, capacity 12285K, committed 12288K, reserved 1048576K
}
Event: 6.555 GC heap after
{Heap after GC invocations=15 (full 0):
 garbage-first heap   total 260096K, used 78469K [0x0000000080000000, 0x0000000100000000)
  region size 1024K, 8 young (8192K), 8 survivors (8192K)
 Metaspace       used 86263K, capacity 89027K, committed 89212K, reserved 1126400K
  class space    used 11202K, capacity 12285K, committed 12288K, reserved 1048576K
}
Event: 7.128 GC heap before
{Heap before GC invocations=15 (full 0):
 garbage-first heap   total 260096K, used 175749K [0x0000000080000000, 0x0000000100000000)
  region size 1024K, 104 young (106496K), 8 survivors (8192K)
 Metaspace       used 91719K, capacity 94403K, committed 94460K, reserved 1130496K
  class space    used 11856K, capacity 12908K, committed 12928K, reserved 1048576K
}
Event: 7.134 GC heap after
{Heap after GC invocations=16 (full 0):
 garbage-first heap   total 260096K, used 82658K [0x0000000080000000, 0x0000000100000000)
  region size 1024K, 12 young (12288K), 12 survivors (12288K)
 Metaspace       used 91719K, capacity 94403K, committed 94460K, reserved 1130496K
  class space    used 11856K, capacity 12908K, committed 12928K, reserved 1048576K
}

