# JRE version: OpenJDK Runtime Environment (11.0.10) (build 11.0.10+0-b96-7249189)
# Java VM: OpenJDK 64-Bit Server VM (11.0.10+0-b96-7249189, mixed mode, tiered, compressed oops, g1 gc, windows-amd64)
Heap:
 garbage-first heap   total 260096K, used 160278K [0x0000000080000000, 0x0000000100000000)
  region size 1024K, 77 young (78848K), 7 survivors (7168K)
 Metaspace       used 99635K, capacity 102696K, committed 102984K, reserved 1138688K
  class space    used 12542K, capacity 13720K, committed 13772K, reserved 1048576K
GC Heap History (20 events):
Event: 1.811 GC heap before
{Heap before GC invocations=3 (full 0):
 garbage-first heap   total 260096K, used 76414K [0x0000000080000000, 0x0000000100000000)
  region size 1024K, 69 young (70656K), 11 survivors (11264K)
 Metaspace       used 26390K, capacity 27092K, committed 27184K, reserved 1073152K
  class space    used 3449K, capacity 3673K, committed 3712K, reserved 1048576K
}
Event: 1.816 GC heap after
{Heap after GC invocations=4 (full 0):
 garbage-first heap   total 260096K, used 18992K [0x0000000080000000, 0x0000000100000000)
  region size 1024K, 3 young (3072K), 3 survivors (3072K)
 Metaspace       used 26390K, capacity 27092K, committed 27184K, reserved 1073152K
  class space    used 3449K, capacity 3673K, committed 3712K, reserved 1048576K
}
Event: 2.292 GC heap before
{Heap before GC invocations=4 (full 0):
 garbage-first heap   total 260096K, used 70192K [0x0000000080000000, 0x0000000100000000)
  region size 1024K, 54 young (55296K), 3 survivors (3072K)
 Metaspace       used 34858K, capacity 35606K, committed 35708K, reserved 1081344K
  class space    used 4527K, capacity 4832K, committed 4864K, reserved 1048576K
}
Event: 2.300 GC heap after
{Heap after GC invocations=5 (full 0):
 garbage-first heap   total 260096K, used 21901K [0x0000000080000000, 0x0000000100000000)
  region size 1024K, 6 young (6144K), 6 survivors (6144K)
 Metaspace       used 34858K, capacity 35606K, committed 35708K, reserved 1081344K
  class space    used 4527K, capacity 4832K, committed 4864K, reserved 1048576K
}
Event: 3.203 GC heap before
{Heap before GC invocations=6 (full 0):
 garbage-first heap   total 260096K, used 146829K [0x0000000080000000, 0x0000000100000000)
  region size 1024K, 125 young (128000K), 6 survivors (6144K)
 Metaspace       used 44314K, capacity 45378K, committed 45692K, reserved 1089536K
  class space    used 5664K, capacity 6070K, committed 6144K, reserved 1048576K
}
Event: 3.213 GC heap after
{Heap after GC invocations=7 (full 0):
 garbage-first heap   total 260096K, used 29101K [0x0000000080000000, 0x0000000100000000)
  region size 1024K, 13 young (13312K), 13 survivors (13312K)
 Metaspace       used 44314K, capacity 45378K, committed 45692K, reserved 1089536K
  class space    used 5664K, capacity 6070K, committed 6144K, reserved 1048576K
}
Event: 4.418 GC heap before
{Heap before GC invocations=8 (full 0):
 garbage-first heap   total 260096K, used 177581K [0x0000000080000000, 0x0000000100000000)
  region size 1024K, 152 young (155648K), 13 survivors (13312K)
 Metaspace       used 57031K, capacity 58613K, committed 58876K, reserved 1099776K
  class space    used 7174K, capacity 7774K, committed 7808K, reserved 1048576K
}
Event: 4.427 GC heap after
{Heap after GC invocations=9 (full 0):
 garbage-first heap   total 260096K, used 49727K [0x0000000080000000, 0x0000000100000000)
  region size 1024K, 19 young (19456K), 19 survivors (19456K)
 Metaspace       used 57031K, capacity 58613K, committed 58876K, reserved 1099776K
  class space    used 7174K, capacity 7774K, committed 7808K, reserved 1048576K
}
Event: 5.411 GC heap before
{Heap before GC invocations=9 (full 0):
 garbage-first heap   total 260096K, used 185919K [0x0000000080000000, 0x0000000100000000)
  region size 1024K, 152 young (155648K), 19 survivors (19456K)
 Metaspace       used 68912K, capacity 70598K, committed 70652K, reserved 1110016K
  class space    used 8655K, capacity 9316K, committed 9344K, reserved 1048576K
}
Event: 5.422 GC heap after
{Heap after GC invocations=10 (full 0):
 garbage-first heap   total 260096K, used 61185K [0x0000000080000000, 0x0000000100000000)
  region size 1024K, 12 young (12288K), 12 survivors (12288K)
 Metaspace       used 68912K, capacity 70598K, committed 70652K, reserved 1110016K
  class space    used 8655K, capacity 9316K, committed 9344K, reserved 1048576K
}
Event: 5.937 GC heap before
{Heap before GC invocations=10 (full 0):
 garbage-first heap   total 260096K, used 111361K [0x0000000080000000, 0x0000000100000000)
  region size 1024K, 62 young (63488K), 12 survivors (12288K)
 Metaspace       used 74320K, capacity 76088K, committed 76156K, reserved 1116160K
  class space    used 9522K, capacity 10176K, committed 10240K, reserved 1048576K
}
Event: 5.952 GC heap after
{Heap after GC invocations=11 (full 0):
 garbage-first heap   total 260096K, used 64846K [0x0000000080000000, 0x0000000100000000)
  region size 1024K, 4 young (4096K), 4 survivors (4096K)
 Metaspace       used 74320K, capacity 76088K, committed 76156K, reserved 1116160K
  class space    used 9522K, capacity 10176K, committed 10240K, reserved 1048576K
}
Event: 7.181 GC heap before
{Heap before GC invocations=12 (full 0):
 garbage-first heap   total 260096K, used 201038K [0x0000000080000000, 0x0000000100000000)
  region size 1024K, 138 young (141312K), 4 survivors (4096K)
 Metaspace       used 84865K, capacity 87342K, committed 87496K, reserved 1124352K
  class space    used 11022K, capacity 11993K, committed 12108K, reserved 1048576K
}
Event: 7.190 GC heap after
{Heap after GC invocations=13 (full 0):
 garbage-first heap   total 260096K, used 74379K [0x0000000080000000, 0x0000000100000000)
  region size 1024K, 14 young (14336K), 14 survivors (14336K)
 Metaspace       used 84865K, capacity 87342K, committed 87496K, reserved 1124352K
  class space    used 11022K, capacity 11993K, committed 12108K, reserved 1048576K
}
Event: 8.474 GC heap before
{Heap before GC invocations=13 (full 0):
 garbage-first heap   total 260096K, used 202379K [0x0000000080000000, 0x0000000100000000)
  region size 1024K, 140 young (143360K), 14 survivors (14336K)
 Metaspace       used 89671K, capacity 92314K, committed 92488K, reserved 1128448K
  class space    used 11588K, capacity 12612K, committed 12748K, reserved 1048576K
}
Event: 8.486 GC heap after
{Heap after GC invocations=14 (full 0):
 garbage-first heap   total 260096K, used 81443K [0x0000000080000000, 0x0000000100000000)
  region size 1024K, 8 young (8192K), 8 survivors (8192K)
 Metaspace       used 89671K, capacity 92314K, committed 92488K, reserved 1128448K
  class space    used 11588K, capacity 12612K, committed 12748K, reserved 1048576K
}
Event: 23.541 GC heap before
{Heap before GC invocations=14 (full 0):
 garbage-first heap   total 260096K, used 205347K [0x0000000080000000, 0x0000000100000000)
  region size 1024K, 130 young (133120K), 8 survivors (8192K)
 Metaspace       used 98284K, capacity 101242K, committed 101320K, reserved 1136640K
  class space    used 12501K, capacity 13624K, committed 13644K, reserved 1048576K
}
Event: 23.549 GC heap after
{Heap after GC invocations=15 (full 0):
 garbage-first heap   total 260096K, used 89699K [0x0000000080000000, 0x0000000100000000)
  region size 1024K, 16 young (16384K), 16 survivors (16384K)
 Metaspace       used 98284K, capacity 101242K, committed 101320K, reserved 1136640K
  class space    used 12501K, capacity 13624K, committed 13644K, reserved 1048576K
}
Event: 44.413 GC heap before
{Heap before GC invocations=15 (full 0):
 garbage-first heap   total 260096K, used 205411K [0x0000000080000000, 0x0000000100000000)
  region size 1024K, 130 young (133120K), 16 survivors (16384K)
 Metaspace       used 99333K, capacity 102325K, committed 102472K, reserved 1138688K
  class space    used 12537K, capacity 13710K, committed 13772K, reserved 1048576K
}
Event: 44.423 GC heap after
{Heap after GC invocations=16 (full 0):
 garbage-first heap   total 260096K, used 90646K [0x0000000080000000, 0x0000000100000000)
  region size 1024K, 7 young (7168K), 7 survivors (7168K)
 Metaspace       used 99333K, capacity 102325K, committed 102472K, reserved 1138688K
  class space    used 12537K, capacity 13710K, committed 13772K, reserved 1048576K
}

